c:\users\osten\downloads\python-3.14.0rc1\pcbuild\obj\314win32_release\_freeze_module\token.obj
c:\users\osten\downloads\python-3.14.0rc1\pcbuild\obj\314win32_release\_freeze_module\msvcrtmodule.obj
c:\users\osten\downloads\python-3.14.0rc1\pcbuild\obj\314win32_release\_freeze_module\getopt.obj
c:\users\osten\downloads\python-3.14.0rc1\pcbuild\obj\314win32_release\_freeze_module\unicodectype.obj
c:\users\osten\downloads\python-3.14.0rc1\pcbuild\obj\314win32_release\_freeze_module\lexer.obj
c:\users\osten\downloads\python-3.14.0rc1\pcbuild\obj\314win32_release\_freeze_module\pystrcmp.obj
c:\users\osten\downloads\python-3.14.0rc1\pcbuild\obj\314win32_release\_freeze_module\readline_tokenizer.obj
c:\users\osten\downloads\python-3.14.0rc1\pcbuild\obj\314win32_release\_freeze_module\_freeze_module.obj
c:\users\osten\downloads\python-3.14.0rc1\pcbuild\obj\314win32_release\_freeze_module\pegen_errors.obj
c:\users\osten\downloads\python-3.14.0rc1\pcbuild\obj\314win32_release\_freeze_module\utf8_tokenizer.obj
c:\users\osten\downloads\python-3.14.0rc1\pcbuild\obj\314win32_release\_freeze_module\hashtable.obj
c:\users\osten\downloads\python-3.14.0rc1\pcbuild\obj\314win32_release\_freeze_module\pystrtod.obj
c:\users\osten\downloads\python-3.14.0rc1\pcbuild\obj\314win32_release\_freeze_module\pathconfig.obj
c:\users\osten\downloads\python-3.14.0rc1\pcbuild\obj\314win32_release\_freeze_module\future.obj
c:\users\osten\downloads\python-3.14.0rc1\pcbuild\obj\314win32_release\_freeze_module\pyctype.obj
c:\users\osten\downloads\python-3.14.0rc1\pcbuild\obj\314win32_release\_freeze_module\buffer.obj
c:\users\osten\downloads\python-3.14.0rc1\pcbuild\obj\314win32_release\_freeze_module\asdl.obj
c:\users\osten\downloads\python-3.14.0rc1\pcbuild\obj\314win32_release\_freeze_module\gc_gil.obj
c:\users\osten\downloads\python-3.14.0rc1\pcbuild\obj\314win32_release\_freeze_module\jit.obj
c:\users\osten\downloads\python-3.14.0rc1\pcbuild\obj\314win32_release\_freeze_module\pyhash.obj
c:\users\osten\downloads\python-3.14.0rc1\pcbuild\obj\314win32_release\_freeze_module\qsbr.obj
c:\users\osten\downloads\python-3.14.0rc1\pcbuild\obj\314win32_release\_freeze_module\config_minimal.obj
c:\users\osten\downloads\python-3.14.0rc1\pcbuild\obj\314win32_release\_freeze_module\namespaceobject.obj
c:\users\osten\downloads\python-3.14.0rc1\pcbuild\obj\314win32_release\_freeze_module\string_parser.obj
c:\users\osten\downloads\python-3.14.0rc1\pcbuild\obj\314win32_release\_freeze_module\mysnprintf.obj
c:\users\osten\downloads\python-3.14.0rc1\pcbuild\obj\314win32_release\_freeze_module\optimizer_analysis.obj
c:\users\osten\downloads\python-3.14.0rc1\pcbuild\obj\314win32_release\_freeze_module\_tracemalloc.obj
c:\users\osten\downloads\python-3.14.0rc1\pcbuild\obj\314win32_release\_freeze_module\pyfpe.obj
c:\users\osten\downloads\python-3.14.0rc1\pcbuild\obj\314win32_release\_freeze_module\pymath.obj
c:\users\osten\downloads\python-3.14.0rc1\pcbuild\obj\314win32_release\_freeze_module\critical_section.obj
c:\users\osten\downloads\python-3.14.0rc1\pcbuild\obj\314win32_release\_freeze_module\getcopyright.obj
c:\users\osten\downloads\python-3.14.0rc1\pcbuild\obj\314win32_release\_freeze_module\index_pool.obj
c:\users\osten\downloads\python-3.14.0rc1\pcbuild\obj\314win32_release\_freeze_module\object_stack.obj
c:\users\osten\downloads\python-3.14.0rc1\pcbuild\obj\314win32_release\_freeze_module\state.obj
c:\users\osten\downloads\python-3.14.0rc1\pcbuild\obj\314win32_release\_freeze_module\getcompiler.obj
c:\users\osten\downloads\python-3.14.0rc1\pcbuild\obj\314win32_release\_freeze_module\optimizer.obj
c:\users\osten\downloads\python-3.14.0rc1\pcbuild\obj\314win32_release\_freeze_module\pystrhex.obj
c:\users\osten\downloads\python-3.14.0rc1\pcbuild\obj\314win32_release\_freeze_module\getbuildinfo.obj
c:\users\osten\downloads\python-3.14.0rc1\pcbuild\obj\314win32_release\_freeze_module\parser.obj
c:\users\osten\downloads\python-3.14.0rc1\pcbuild\obj\314win32_release\_freeze_module\dynamic_annotations.obj
c:\users\osten\downloads\python-3.14.0rc1\pcbuild\obj\314win32_release\_freeze_module\optimizer_symbols.obj
c:\users\osten\downloads\python-3.14.0rc1\pcbuild\obj\314win32_release\_freeze_module\atexitmodule.obj
c:\users\osten\downloads\python-3.14.0rc1\pcbuild\obj\314win32_release\_freeze_module\helpers.obj
c:\users\osten\downloads\python-3.14.0rc1\pcbuild\obj\314win32_release\_freeze_module\dynload_win.obj
c:\users\osten\downloads\python-3.14.0rc1\pcbuild\obj\314win32_release\_freeze_module\getversion.obj
c:\users\osten\downloads\python-3.14.0rc1\pcbuild\obj\314win32_release\_freeze_module\bytes_methods.obj
c:\users\osten\downloads\python-3.14.0rc1\pcbuild\obj\314win32_release\_freeze_module\myreadline.obj
c:\users\osten\downloads\python-3.14.0rc1\pcbuild\obj\314win32_release\_freeze_module\invalid_parameter_handler.obj
c:\users\osten\downloads\python-3.14.0rc1\pcbuild\obj\314win32_release\_freeze_module\assemble.obj
c:\users\osten\downloads\python-3.14.0rc1\pcbuild\obj\314win32_release\_freeze_module\dtoa.obj
c:\users\osten\downloads\python-3.14.0rc1\pcbuild\obj\314win32_release\_freeze_module\getplatform.obj
c:\users\osten\downloads\python-3.14.0rc1\pcbuild\obj\314win32_release\_freeze_module\interpconfig.obj
c:\users\osten\downloads\python-3.14.0rc1\pcbuild\obj\314win32_release\_freeze_module\pyarena.obj
c:\users\osten\downloads\python-3.14.0rc1\pcbuild\obj\314win32_release\_freeze_module\getpath_noop.obj
c:\users\osten\downloads\python-3.14.0rc1\pcbuild\obj\314win32_release\_freeze_module\peg_api.obj
c:\users\osten\downloads\python-3.14.0rc1\pcbuild\obj\314win32_release\_freeze_module\string_tokenizer.obj
c:\users\osten\downloads\python-3.14.0rc1\pcbuild\obj\314win32_release\_freeze_module\ast.obj
c:\users\osten\downloads\python-3.14.0rc1\pcbuild\obj\314win32_release\_freeze_module\timemodule.obj
c:\users\osten\downloads\python-3.14.0rc1\pcbuild\obj\314win32_release\_freeze_module\exceptions.obj
c:\users\osten\downloads\python-3.14.0rc1\pcbuild\obj\314win32_release\_freeze_module\setobject.obj
c:\users\osten\downloads\python-3.14.0rc1\pcbuild\obj\314win32_release\_freeze_module\_warnings.obj
c:\users\osten\downloads\python-3.14.0rc1\pcbuild\obj\314win32_release\_freeze_module\fileutils.obj
c:\users\osten\downloads\python-3.14.0rc1\pcbuild\obj\314win32_release\_freeze_module\marshal.obj
c:\users\osten\downloads\python-3.14.0rc1\pcbuild\obj\314win32_release\_freeze_module\uniqueid.obj
c:\users\osten\downloads\python-3.14.0rc1\pcbuild\obj\314win32_release\_freeze_module\faulthandler.obj
c:\users\osten\downloads\python-3.14.0rc1\pcbuild\obj\314win32_release\_freeze_module\capsule.obj
c:\users\osten\downloads\python-3.14.0rc1\pcbuild\obj\314win32_release\_freeze_module\genericaliasobject.obj
c:\users\osten\downloads\python-3.14.0rc1\pcbuild\obj\314win32_release\_freeze_module\templateobject.obj
c:\users\osten\downloads\python-3.14.0rc1\pcbuild\obj\314win32_release\_freeze_module\bootstrap_hash.obj
c:\users\osten\downloads\python-3.14.0rc1\pcbuild\obj\314win32_release\_freeze_module\frame.obj
c:\users\osten\downloads\python-3.14.0rc1\pcbuild\obj\314win32_release\_freeze_module\legacy_tracing.obj
c:\users\osten\downloads\python-3.14.0rc1\pcbuild\obj\314win32_release\_freeze_module\remote_debugging.obj
c:\users\osten\downloads\python-3.14.0rc1\pcbuild\obj\314win32_release\_freeze_module\boolobject.obj
c:\users\osten\downloads\python-3.14.0rc1\pcbuild\obj\314win32_release\_freeze_module\descrobject.obj
c:\users\osten\downloads\python-3.14.0rc1\pcbuild\obj\314win32_release\_freeze_module\picklebufobject.obj
c:\users\osten\downloads\python-3.14.0rc1\pcbuild\obj\314win32_release\_freeze_module\pegen.obj
c:\users\osten\downloads\python-3.14.0rc1\pcbuild\obj\314win32_release\_freeze_module\crossinterp.obj
c:\users\osten\downloads\python-3.14.0rc1\pcbuild\obj\314win32_release\_freeze_module\instrumentation.obj
c:\users\osten\downloads\python-3.14.0rc1\pcbuild\obj\314win32_release\_freeze_module\structmember.obj
c:\users\osten\downloads\python-3.14.0rc1\pcbuild\obj\314win32_release\_freeze_module\_iomodule.obj
c:\users\osten\downloads\python-3.14.0rc1\pcbuild\obj\314win32_release\_freeze_module\bytesobject.obj
c:\users\osten\downloads\python-3.14.0rc1\pcbuild\obj\314win32_release\_freeze_module\listobject.obj
c:\users\osten\downloads\python-3.14.0rc1\pcbuild\obj\314win32_release\_freeze_module\typevarobject.obj
c:\users\osten\downloads\python-3.14.0rc1\pcbuild\obj\314win32_release\_freeze_module\codecs.obj
c:\users\osten\downloads\python-3.14.0rc1\pcbuild\obj\314win32_release\_freeze_module\import.obj
c:\users\osten\downloads\python-3.14.0rc1\pcbuild\obj\314win32_release\_freeze_module\pylifecycle.obj
c:\users\osten\downloads\python-3.14.0rc1\pcbuild\obj\314win32_release\_freeze_module\textio.obj
c:\users\osten\downloads\python-3.14.0rc1\pcbuild\obj\314win32_release\_freeze_module\enumobject.obj
c:\users\osten\downloads\python-3.14.0rc1\pcbuild\obj\314win32_release\_freeze_module\odictobject.obj
c:\users\osten\downloads\python-3.14.0rc1\pcbuild\obj\314win32_release\_freeze_module\action_helpers.obj
c:\users\osten\downloads\python-3.14.0rc1\pcbuild\obj\314win32_release\_freeze_module\gc.obj
c:\users\osten\downloads\python-3.14.0rc1\pcbuild\obj\314win32_release\_freeze_module\perf_trampoline.obj
c:\users\osten\downloads\python-3.14.0rc1\pcbuild\obj\314win32_release\_freeze_module\symtable.obj
c:\users\osten\downloads\python-3.14.0rc1\pcbuild\obj\314win32_release\_freeze_module\bytesio.obj
c:\users\osten\downloads\python-3.14.0rc1\pcbuild\obj\314win32_release\_freeze_module\fileobject.obj
c:\users\osten\downloads\python-3.14.0rc1\pcbuild\obj\314win32_release\_freeze_module\obmalloc.obj
c:\users\osten\downloads\python-3.14.0rc1\pcbuild\obj\314win32_release\_freeze_module\ast_unparse.obj
c:\users\osten\downloads\python-3.14.0rc1\pcbuild\obj\314win32_release\_freeze_module\getargs.obj
c:\users\osten\downloads\python-3.14.0rc1\pcbuild\obj\314win32_release\_freeze_module\preconfig.obj
c:\users\osten\downloads\python-3.14.0rc1\pcbuild\obj\314win32_release\_freeze_module\tracemalloc.obj
c:\users\osten\downloads\python-3.14.0rc1\pcbuild\obj\314win32_release\_freeze_module\bufferedio.obj
c:\users\osten\downloads\python-3.14.0rc1\pcbuild\obj\314win32_release\_freeze_module\floatobject.obj
c:\users\osten\downloads\python-3.14.0rc1\pcbuild\obj\314win32_release\_freeze_module\sliceobject.obj
c:\users\osten\downloads\python-3.14.0rc1\pcbuild\obj\314win32_release\_freeze_module\brc.obj
c:\users\osten\downloads\python-3.14.0rc1\pcbuild\obj\314win32_release\_freeze_module\ceval_gil.obj
c:\users\osten\downloads\python-3.14.0rc1\pcbuild\obj\314win32_release\_freeze_module\parking_lot.obj
c:\users\osten\downloads\python-3.14.0rc1\pcbuild\obj\314win32_release\_freeze_module\thread.obj
c:\users\osten\downloads\python-3.14.0rc1\pcbuild\obj\314win32_release\_freeze_module\stringio.obj
c:\users\osten\downloads\python-3.14.0rc1\pcbuild\obj\314win32_release\_freeze_module\complexobject.obj
c:\users\osten\downloads\python-3.14.0rc1\pcbuild\obj\314win32_release\_freeze_module\object.obj
c:\users\osten\downloads\python-3.14.0rc1\pcbuild\obj\314win32_release\_freeze_module\file_tokenizer.obj
c:\users\osten\downloads\python-3.14.0rc1\pcbuild\obj\314win32_release\_freeze_module\flowgraph.obj
c:\users\osten\downloads\python-3.14.0rc1\pcbuild\obj\314win32_release\_freeze_module\mystrtoul.obj
c:\users\osten\downloads\python-3.14.0rc1\pcbuild\obj\314win32_release\_freeze_module\suggestions.obj
c:\users\osten\downloads\python-3.14.0rc1\pcbuild\obj\314win32_release\_freeze_module\posixmodule.obj
c:\users\osten\downloads\python-3.14.0rc1\pcbuild\obj\314win32_release\_freeze_module\frameobject.obj
c:\users\osten\downloads\python-3.14.0rc1\pcbuild\obj\314win32_release\_freeze_module\methodobject.obj
c:\users\osten\downloads\python-3.14.0rc1\pcbuild\obj\314win32_release\_freeze_module\weakrefobject.obj
c:\users\osten\downloads\python-3.14.0rc1\pcbuild\obj\314win32_release\_freeze_module\compile.obj
c:\users\osten\downloads\python-3.14.0rc1\pcbuild\obj\314win32_release\_freeze_module\importdl.obj
c:\users\osten\downloads\python-3.14.0rc1\pcbuild\obj\314win32_release\_freeze_module\pystate.obj
c:\users\osten\downloads\python-3.14.0rc1\pcbuild\obj\314win32_release\_freeze_module\iobase.obj
c:\users\osten\downloads\python-3.14.0rc1\pcbuild\obj\314win32_release\_freeze_module\call.obj
c:\users\osten\downloads\python-3.14.0rc1\pcbuild\obj\314win32_release\_freeze_module\interpolationobject.obj
c:\users\osten\downloads\python-3.14.0rc1\pcbuild\obj\314win32_release\_freeze_module\structseq.obj
c:\users\osten\downloads\python-3.14.0rc1\pcbuild\obj\314win32_release\_freeze_module\bltinmodule.obj
c:\users\osten\downloads\python-3.14.0rc1\pcbuild\obj\314win32_release\_freeze_module\gc_free_threading.obj
c:\users\osten\downloads\python-3.14.0rc1\pcbuild\obj\314win32_release\_freeze_module\modsupport.obj
c:\users\osten\downloads\python-3.14.0rc1\pcbuild\obj\314win32_release\_freeze_module\specialize.obj
c:\users\osten\downloads\python-3.14.0rc1\pcbuild\obj\314win32_release\_freeze_module\_datetimemodule.obj
c:\users\osten\downloads\python-3.14.0rc1\pcbuild\obj\314win32_release\_freeze_module\codeobject.obj
c:\users\osten\downloads\python-3.14.0rc1\pcbuild\obj\314win32_release\_freeze_module\memoryobject.obj
c:\users\osten\downloads\python-3.14.0rc1\pcbuild\obj\314win32_release\_freeze_module\unionobject.obj
c:\users\osten\downloads\python-3.14.0rc1\pcbuild\obj\314win32_release\_freeze_module\codegen.obj
c:\users\osten\downloads\python-3.14.0rc1\pcbuild\obj\314win32_release\_freeze_module\initconfig.obj
c:\users\osten\downloads\python-3.14.0rc1\pcbuild\obj\314win32_release\_freeze_module\pythonrun.obj
c:\users\osten\downloads\python-3.14.0rc1\pcbuild\obj\314win32_release\_freeze_module\gcmodule.obj
c:\users\osten\downloads\python-3.14.0rc1\pcbuild\obj\314win32_release\_freeze_module\classobject.obj
c:\users\osten\downloads\python-3.14.0rc1\pcbuild\obj\314win32_release\_freeze_module\iterobject.obj
c:\users\osten\downloads\python-3.14.0rc1\pcbuild\obj\314win32_release\_freeze_module\typeobject.obj
c:\users\osten\downloads\python-3.14.0rc1\pcbuild\obj\314win32_release\_freeze_module\context.obj
c:\users\osten\downloads\python-3.14.0rc1\pcbuild\obj\314win32_release\_freeze_module\instruction_sequence.obj
c:\users\osten\downloads\python-3.14.0rc1\pcbuild\obj\314win32_release\_freeze_module\python-ast.obj
c:\users\osten\downloads\python-3.14.0rc1\pcbuild\obj\314win32_release\_freeze_module\winconsoleio.obj
c:\users\osten\downloads\python-3.14.0rc1\pcbuild\obj\314win32_release\_freeze_module\dictobject.obj
c:\users\osten\downloads\python-3.14.0rc1\pcbuild\obj\314win32_release\_freeze_module\moduleobject.obj
c:\users\osten\downloads\python-3.14.0rc1\pcbuild\obj\314win32_release\_freeze_module\ast_preprocess.obj
c:\users\osten\downloads\python-3.14.0rc1\pcbuild\obj\314win32_release\_freeze_module\formatter_unicode.obj
c:\users\osten\downloads\python-3.14.0rc1\pcbuild\obj\314win32_release\_freeze_module\lock.obj
c:\users\osten\downloads\python-3.14.0rc1\pcbuild\obj\314win32_release\_freeze_module\pytime.obj
c:\users\osten\downloads\python-3.14.0rc1\pcbuild\obj\314win32_release\_freeze_module\signalmodule.obj
c:\users\osten\downloads\python-3.14.0rc1\pcbuild\obj\314win32_release\_freeze_module\cellobject.obj
c:\users\osten\downloads\python-3.14.0rc1\pcbuild\obj\314win32_release\_freeze_module\longobject.obj
c:\users\osten\downloads\python-3.14.0rc1\pcbuild\obj\314win32_release\_freeze_module\unicodeobject.obj
c:\users\osten\downloads\python-3.14.0rc1\pcbuild\obj\314win32_release\_freeze_module\errors.obj
c:\users\osten\downloads\python-3.14.0rc1\pcbuild\obj\314win32_release\_freeze_module\intrinsics.obj
c:\users\osten\downloads\python-3.14.0rc1\pcbuild\obj\314win32_release\_freeze_module\python-tokenize.obj
c:\users\osten\downloads\python-3.14.0rc1\pcbuild\obj\314win32_release\_freeze_module\abstract.obj
c:\users\osten\downloads\python-3.14.0rc1\pcbuild\obj\314win32_release\_freeze_module\funcobject.obj
c:\users\osten\downloads\python-3.14.0rc1\pcbuild\obj\314win32_release\_freeze_module\rangeobject.obj
c:\users\osten\downloads\python-3.14.0rc1\pcbuild\obj\314win32_release\_freeze_module\winreg.obj
c:\users\osten\downloads\python-3.14.0rc1\pcbuild\obj\314win32_release\_freeze_module\hamt.obj
c:\users\osten\downloads\python-3.14.0rc1\pcbuild\obj\314win32_release\_freeze_module\perf_jit_trampoline.obj
c:\users\osten\downloads\python-3.14.0rc1\pcbuild\obj\314win32_release\_freeze_module\traceback.obj
c:\users\osten\downloads\python-3.14.0rc1\pcbuild\obj\314win32_release\_freeze_module\fileio.obj
c:\users\osten\downloads\python-3.14.0rc1\pcbuild\obj\314win32_release\_freeze_module\bytearrayobject.obj
c:\users\osten\downloads\python-3.14.0rc1\pcbuild\obj\314win32_release\_freeze_module\genobject.obj
c:\users\osten\downloads\python-3.14.0rc1\pcbuild\obj\314win32_release\_freeze_module\tupleobject.obj
c:\users\osten\downloads\python-3.14.0rc1\pcbuild\obj\314win32_release\_freeze_module\ceval.obj
c:\users\osten\downloads\python-3.14.0rc1\pcbuild\obj\314win32_release\_freeze_module\vc143.pdb
c:\users\osten\downloads\python-3.14.0rc1\pcbuild\obj\314win32_release\_freeze_module\sysmodule.obj
c:\users\osten\downloads\python-3.14.0rc1\pcbuild\win32\_freeze_module.exe
c:\users\osten\downloads\python-3.14.0rc1\pcbuild\win32\_freeze_module.pdb
c:\users\osten\downloads\python-3.14.0rc1\pcbuild\obj\314win32_release\_freeze_module\_freeze_module.vcxproj.filelistabsolute.txt
c:\users\osten\downloads\python-3.14.0rc1\pcbuild\obj\314win32_release\_freeze_module\_freeze_module.tlog\cl.command.1.tlog
c:\users\osten\downloads\python-3.14.0rc1\pcbuild\obj\314win32_release\_freeze_module\_freeze_module.tlog\cl.items.tlog
c:\users\osten\downloads\python-3.14.0rc1\pcbuild\obj\314win32_release\_freeze_module\_freeze_module.tlog\cl.read.1.tlog
c:\users\osten\downloads\python-3.14.0rc1\pcbuild\obj\314win32_release\_freeze_module\_freeze_module.tlog\cl.write.1.tlog
c:\users\osten\downloads\python-3.14.0rc1\pcbuild\obj\314win32_release\_freeze_module\_freeze_module.tlog\link.command.1.tlog
c:\users\osten\downloads\python-3.14.0rc1\pcbuild\obj\314win32_release\_freeze_module\_freeze_module.tlog\link.read.1.tlog
c:\users\osten\downloads\python-3.14.0rc1\pcbuild\obj\314win32_release\_freeze_module\_freeze_module.tlog\link.secondary.1.tlog
c:\users\osten\downloads\python-3.14.0rc1\pcbuild\obj\314win32_release\_freeze_module\_freeze_module.tlog\link.write.1.tlog
