c:\users\osten\downloads\python-3.14.0rc1\pcbuild\obj\314amd64_release\zlib-ng\chunkset_c.obj
c:\users\osten\downloads\python-3.14.0rc1\pcbuild\obj\314amd64_release\zlib-ng\inftrees.obj
c:\users\osten\downloads\python-3.14.0rc1\pcbuild\obj\314amd64_release\zlib-ng\slide_hash_sse2.obj
c:\users\osten\downloads\python-3.14.0rc1\pcbuild\obj\314amd64_release\zlib-ng\crc32.obj
c:\users\osten\downloads\python-3.14.0rc1\pcbuild\obj\314amd64_release\zlib-ng\functable.obj
c:\users\osten\downloads\python-3.14.0rc1\pcbuild\obj\314amd64_release\zlib-ng\deflate.obj
c:\users\osten\downloads\python-3.14.0rc1\pcbuild\obj\314amd64_release\zlib-ng\chunkset_sse2.obj
c:\users\osten\downloads\python-3.14.0rc1\pcbuild\obj\314amd64_release\zlib-ng\adler32_fold_c.obj
c:\users\osten\downloads\python-3.14.0rc1\pcbuild\obj\314amd64_release\zlib-ng\insert_string.obj
c:\users\osten\downloads\python-3.14.0rc1\pcbuild\obj\314amd64_release\zlib-ng\adler32_sse42.obj
c:\users\osten\downloads\python-3.14.0rc1\pcbuild\obj\314amd64_release\zlib-ng\adler32.obj
c:\users\osten\downloads\python-3.14.0rc1\pcbuild\obj\314amd64_release\zlib-ng\cpu_features.obj
c:\users\osten\downloads\python-3.14.0rc1\pcbuild\obj\314amd64_release\zlib-ng\adler32_c.obj
c:\users\osten\downloads\python-3.14.0rc1\pcbuild\obj\314amd64_release\zlib-ng\deflate_rle.obj
c:\users\osten\downloads\python-3.14.0rc1\pcbuild\obj\314amd64_release\zlib-ng\crc32_braid_c.obj
c:\users\osten\downloads\python-3.14.0rc1\pcbuild\obj\314amd64_release\zlib-ng\trees.obj
c:\users\osten\downloads\python-3.14.0rc1\pcbuild\obj\314amd64_release\zlib-ng\deflate_medium.obj
c:\users\osten\downloads\python-3.14.0rc1\pcbuild\obj\314amd64_release\zlib-ng\zutil.obj
c:\users\osten\downloads\python-3.14.0rc1\pcbuild\obj\314amd64_release\zlib-ng\deflate_huff.obj
c:\users\osten\downloads\python-3.14.0rc1\pcbuild\obj\314amd64_release\zlib-ng\uncompr.obj
c:\users\osten\downloads\python-3.14.0rc1\pcbuild\obj\314amd64_release\zlib-ng\chunkset_ssse3.obj
c:\users\osten\downloads\python-3.14.0rc1\pcbuild\obj\314amd64_release\zlib-ng\deflate_quick.obj
c:\users\osten\downloads\python-3.14.0rc1\pcbuild\obj\314amd64_release\zlib-ng\deflate_slow.obj
c:\users\osten\downloads\python-3.14.0rc1\pcbuild\obj\314amd64_release\zlib-ng\crc32_pclmulqdq.obj
c:\users\osten\downloads\python-3.14.0rc1\pcbuild\obj\314amd64_release\zlib-ng\deflate_fast.obj
c:\users\osten\downloads\python-3.14.0rc1\pcbuild\obj\314amd64_release\zlib-ng\deflate_stored.obj
c:\users\osten\downloads\python-3.14.0rc1\pcbuild\obj\314amd64_release\zlib-ng\crc32_fold_c.obj
c:\users\osten\downloads\python-3.14.0rc1\pcbuild\obj\314amd64_release\zlib-ng\insert_string_roll.obj
c:\users\osten\downloads\python-3.14.0rc1\pcbuild\obj\314amd64_release\zlib-ng\adler32_ssse3.obj
c:\users\osten\downloads\python-3.14.0rc1\pcbuild\obj\314amd64_release\zlib-ng\crc32_braid_comb.obj
c:\users\osten\downloads\python-3.14.0rc1\pcbuild\obj\314amd64_release\zlib-ng\inflate.obj
c:\users\osten\downloads\python-3.14.0rc1\pcbuild\obj\314amd64_release\zlib-ng\compare256_c.obj
c:\users\osten\downloads\python-3.14.0rc1\pcbuild\obj\314amd64_release\zlib-ng\compare256_sse2.obj
c:\users\osten\downloads\python-3.14.0rc1\pcbuild\obj\314amd64_release\zlib-ng\compress.obj
c:\users\osten\downloads\python-3.14.0rc1\pcbuild\obj\314amd64_release\zlib-ng\x86_features.obj
c:\users\osten\downloads\python-3.14.0rc1\pcbuild\obj\314amd64_release\zlib-ng\slide_hash_c.obj
c:\users\osten\downloads\python-3.14.0rc1\pcbuild\obj\314amd64_release\zlib-ng\infback.obj
c:\users\osten\downloads\python-3.14.0rc1\pcbuild\amd64\zlib-ng.pdb
c:\users\osten\downloads\python-3.14.0rc1\pcbuild\obj\314amd64_release\zlib-ng\compare256_avx2.obj
c:\users\osten\downloads\python-3.14.0rc1\pcbuild\obj\314amd64_release\zlib-ng\slide_hash_avx2.obj
c:\users\osten\downloads\python-3.14.0rc1\pcbuild\obj\314amd64_release\zlib-ng\chunkset_avx2.obj
c:\users\osten\downloads\python-3.14.0rc1\pcbuild\obj\314amd64_release\zlib-ng\adler32_avx2.obj
c:\users\osten\downloads\python-3.14.0rc1\pcbuild\obj\314amd64_release\zlib-ng\adler32_avx512.obj
c:\users\osten\downloads\python-3.14.0rc1\pcbuild\obj\314amd64_release\zlib-ng\chunkset_avx512.obj
c:\users\osten\downloads\python-3.14.0rc1\pcbuild\obj\314amd64_release\zlib-ng\crc32_vpclmulqdq.obj
c:\users\osten\downloads\python-3.14.0rc1\pcbuild\obj\314amd64_release\zlib-ng\adler32_avx512_vnni.obj
c:\users\osten\downloads\python-3.14.0rc1\pcbuild\amd64\zlib-ng.lib
c:\users\osten\downloads\python-3.14.0rc1\pcbuild\obj\314amd64_release\zlib-ng\zlib-ng.vcxproj.filelistabsolute.txt
c:\users\osten\downloads\python-3.14.0rc1\pcbuild\obj\314amd64_release\zlib-ng\zlib-ng.tlog\cl.10308.write.1.tlog
c:\users\osten\downloads\python-3.14.0rc1\pcbuild\obj\314amd64_release\zlib-ng\zlib-ng.tlog\cl.command.1.tlog
c:\users\osten\downloads\python-3.14.0rc1\pcbuild\obj\314amd64_release\zlib-ng\zlib-ng.tlog\cl.items.tlog
c:\users\osten\downloads\python-3.14.0rc1\pcbuild\obj\314amd64_release\zlib-ng\zlib-ng.tlog\cl.read.1.tlog
c:\users\osten\downloads\python-3.14.0rc1\pcbuild\obj\314amd64_release\zlib-ng\zlib-ng.tlog\lib-link.read.1.tlog
c:\users\osten\downloads\python-3.14.0rc1\pcbuild\obj\314amd64_release\zlib-ng\zlib-ng.tlog\lib-link.write.1.tlog
c:\users\osten\downloads\python-3.14.0rc1\pcbuild\obj\314amd64_release\zlib-ng\zlib-ng.tlog\lib.command.1.tlog
